<?xml version="1.0" encoding="UTF-8"?>
<!-- Generated by org.testng.reporters.JUnitReportReporter -->
<testsuite hostname="DESKTOP-R522EC9" failures="0" tests="1" name="com.qa.testcases.AddToCartPageTest" time="11.889" errors="0" timestamp="2021-07-01T02:39:24 PDT" skipped="0">
  <testcase classname="com.qa.testcases.AddToCartPageTest" name="addtoCartPricevalidation" time="11.889"/>
  <system-out/>
</testsuite> <!-- com.qa.testcases.AddToCartPageTest -->
