<?xml version="1.0" encoding="UTF-8"?>
<!-- Generated by org.testng.reporters.JUnitReportReporter -->
<testsuite hostname="DESKTOP-R522EC9" failures="0" tests="1" name="com.qa.testcases.CheckedOutTest" time="15.957" errors="0" timestamp="2021-07-01T02:39:24 PDT" skipped="0">
  <testcase classname="com.qa.testcases.CheckedOutTest" name="cackOutPagePricevalidation" time="15.957"/>
  <system-out/>
</testsuite> <!-- com.qa.testcases.CheckedOutTest -->
